Path: 
Path: _data
Path: _data_httpHostSource
Path: _data_virtualHosts_5
Path: _data_virtualHosts_7
Path: _data_virtualHosts_10
Path: _data_virtualHosts_11
Path: _data_virtualHosts_12
Path: _data_virtualHosts_13
Path: _data_virtualHosts_14
Path: _data_acmeDefaultServer_8572f98e_482e_41c2_8a3d_6a0b2fc99734
Path: _data_httpsListeners_1
Path: _data_httpsListeners_2
Path: _data_httpsListeners_3
Path: _data_rules_1
Path: _data_rules_1_configuration
Path: _data_rules_2
Path: _data_rules_2_configuration
Path: _data_rules_3
Path: _data_rules_3_configuration
Path: _data_rules_4
Path: _data_rules_4_configuration
Path: _data_rules_5
Path: _data_rules_5_configuration
Path: _data_rules_6
Path: _data_rules_6_configuration
Path: _data_rules_7
Path: _data_rules_7_configuration
Path: _data_rules_8
Path: _data_rules_8_configuration
Path: _data_sites_1
Path: _data_sites_4
Path: _data_sites_5
Path: _data_sites_6
Path: _data_sites_7
Path: _data_sites_8
Path: _data_adminAuthBasic
Path: _data_httpMonitoring
Path: _data_httpProtocolSource
Path: _data_reservedApplication
Path: _data_tokenProvider
Path: _data_webSessionMgmt
Path: _data_adminConfig
Path: _data_adminAuthWebSession
Path: _data_pingFederate
Path: _data_trustedCerts_3
Path: _data_trustedCerts_17
Path: _data_engineListeners_2
Path: _data_engineListeners_3
Path: _data_httpIpSource
Path: _data_globalUnprotectedResources_3a2b5451_00ec_40e3_9556_183452460586
Path: _data_loadBalancingStrategies_2
Path: _data_loadBalancingStrategies_2_configuration
Path: _data_resources_1
Path: _data_resources_1_pathPatterns
Path: _data_resources_1_policy
Path: _data_resources_4
Path: _data_resources_4_pathPatterns
Path: _data_resources_4_policy
Path: _data_resources_4_policy_Web_8
Path: _data_resources_5
Path: _data_resources_5_pathPatterns
Path: _data_resources_5_policy
Path: _data_resources_5_policy_Web_3
Path: _data_resources_5_policy_Web_6
Path: _data_resources_6
Path: _data_resources_6_pathPatterns
Path: _data_resources_6_policy
Path: _data_resources_6_policy_Web_3
Path: _data_resources_6_policy_Web_6
Path: _data_resources_6_policy_Web_5
Path: _data_resources_7
Path: _data_resources_7_pathPatterns
Path: _data_resources_7_policy
Path: _data_resources_7_policy_Web_3
Path: _data_resources_7_policy_Web_2
Path: _data_resources_8
Path: _data_resources_8_pathPatterns
Path: _data_resources_8_policy
Path: _data_resources_8_policy_Web_3
Path: _data_resources_8_policy_Web_1
Path: _data_resources_8_policy_Web_6
Path: _data_resources_10
Path: _data_resources_10_pathPatterns
Path: _data_resources_10_policy
Path: _data_resources_11
Path: _data_resources_11_pathPatterns
Path: _data_resources_11_policy
Path: _data_resources_12
Path: _data_resources_12_pathPatterns
Path: _data_resources_12_policy
Path: _data_resources_13
Path: _data_resources_13_pathPatterns
Path: _data_resources_13_policy
Path: _data_resources_14
Path: _data_resources_14_pathPatterns
Path: _data_resources_14_policy
Path: _data_resources_14_policy_Web_3
Path: _data_resources_14_policy_Web_2
Path: _data_resources_15
Path: _data_resources_15_pathPatterns
Path: _data_resources_15_policy
Path: _data_resources_16
Path: _data_resources_16_pathPatterns
Path: _data_resources_16_policy
Path: _data_resources_16_policy_Web_3
Path: _data_resources_17
Path: _data_resources_17_pathPatterns
Path: _data_resources_17_policy
Path: _data_resources_17_policy_Web_7
Path: _data_resources_18
Path: _data_resources_18_pathPatterns
Path: _data_resources_18_policy
Path: _data_unknownResources
Path: _data_rejectionHandlers_1
Path: _data_rejectionHandlers_1_configuration
Path: _data_rejectionHandlers_2
Path: _data_rejectionHandlers_2_configuration
Path: _data_rejectionHandlers_3
Path: _data_rejectionHandlers_3_configuration
Path: _data_rejectionHandlers_4
Path: _data_rejectionHandlers_4_configuration
Path: _data_rejectionHandlers_5
Path: _data_rejectionHandlers_5_configuration
Path: _data_rejectionHandlers_6
Path: _data_rejectionHandlers_6_configuration
Path: _data_acmeServers_08eb4cbc_20ed_409b_82c6_12fd0c92eb71
Path: _data_acmeServers_8572f98e_482e_41c2_8a3d_6a0b2fc99734
Path: _data_identityMappings_1
Path: _data_identityMappings_1_configuration
Path: _data_identityMappings_1_configuration_attributeHeaderMappings
Path: _data_pingFederateOAuth
Path: _data_pingFederateOAuth_clientCredentials
Path: _data_pingFederateOAuth_clientCredentials_clientSecret
Path: _data_pingFederateOAuth_clientSecret
Path: _data_authTokenMgmt
Path: _data_keyPairs_5
Path: _data_keyPairs_7
Path: _data_keyPairs_8
Path: _data_keyPairs_9
Ignoring alias:ca-keypair-.*
Path: _data_trustedCertGroups_3
Path: _data_trustedCertGroups_3_revocationChecking
Path: _data_trustedCertGroups_4
Path: _data_trustedCertGroups_4_revocationChecking
Path: _data_availabilityProfiles_1
Path: _data_availabilityProfiles_1_configuration
Path: _data_applications_1
Path: _data_applications_1_policy
Path: _data_applications_1_identityMappingIds
Path: _data_applications_5
Path: _data_applications_5_policy
Path: _data_applications_5_policy_API_4
Path: _data_applications_5_identityMappingIds
Path: _data_applications_6
Path: _data_applications_6_policy
Path: _data_applications_6_policy_API_3
Path: _data_applications_6_policy_API_2
Path: _data_applications_6_identityMappingIds
Path: _data_applications_7
Path: _data_applications_7_policy
Path: _data_applications_7_policy_API_3
Path: _data_applications_7_policy_API_2
Path: _data_applications_7_identityMappingIds
Path: _data_applications_8
Path: _data_applications_8_policy
Path: _data_applications_8_identityMappingIds
Path: _data_applications_9
Path: _data_applications_9_policy
Path: _data_applications_9_identityMappingIds
Path: _data_oauthKeyMgmt
