Path: 
Path: _metadata
Path: configStore
Path: configStore_items_CONSENT_API_ACCESSTOKENMANAGER
Path: configStore_items_CONSENT_API_ACTOR
Path: configStore_items_CONSENT_API_ADMINSCOPE
Path: configStore_items_CONSENT_API_CLIENTID
Path: configStore_items_CONSENT_API_DATATEXT
Path: configStore_items_CONSENT_API_DEFAULT_DEFINITION
Path: configStore_items_CONSENT_API_HOST
Path: configStore_items_CONSENT_API_PASSWORD
Path: configStore_items_CONSENT_API_USERNAME
Path: configStore_items_HTTP_IGNORE_SSL
Path: configStore_items_HTTP_MAX_CONNECTIONS
Path: configStore
Path: configStore_items_PingFederateDSJNDIName
Path: configStore_items_SearchBase
Path: configStore
Path: configStore_items_base64_required_plugins
Path: configStore
Path: configStore_items_PingFederateDSJNDIName
Path: configStore_items_SearchBase
Path: configStore
Path: configStore_items_isEaRoleUpdated
Path: configStore
Path: configStore_items_partner.cert.migration.complete
Path: configStore
Path: configStore_items_AllowedTrackedParams
Path: configStore
Path: configStore_items_MigrationComplete8.4
Path: configStore
Path: configStore_items_entropy
Path: configStore
Path: configStore_items_PingFederateDSJNDIName
Path: configStore_items_SearchBase
Path: configStore
Path: configStore_items_X_Frame_Options
Path: configStore_items_X_Frame_Options_mapValue
Path: license_agreement
Path: license_agreement_items
Path: certificates_ca
Path: certificates_ca_items_a7dx4sc2k4adq7187k9pa7io5
Path: keyPairs_sslServer
Path: keyPairs_sslServer_items_wxom4n4v8ayu7yx47eqbj8bl0
Path: keyPairs_sslServer_settings
Path: keyPairs_sslServer_settings_items
Path: keyPairs_sslServer_settings_items_activeRuntimeServerCerts_wxom4n4v8ayu7yx47eqbj8bl0
Path: keyPairs_sslServer_settings_items_activeAdminConsoleCerts_wxom4n4v8ayu7yx47eqbj8bl0
Path: keyPairs_sslServer_settings_items_adminConsoleCertRef_wxom4n4v8ayu7yx47eqbj8bl0
Path: keyPairs_sslServer_settings_items_runtimeServerCertRef_wxom4n4v8ayu7yx47eqbj8bl0
Path: keyPairs_signing
Path: keyPairs_signing_items_85nv5o5p9pgodsne3w47n5hua
Path: keyPairs_oauthOpenIdConnect
Path: keyPairs_oauthOpenIdConnect_items
Path: dataStores
Path: dataStores_items_LDAP_C29DCC21274C10A483A76237675C3A22715D638C
Path: dataStores_items_LDAP_C29DCC21274C10A483A76237675C3A22715D638C_hostnamesTags
Ignoring id:ProvisionerDS
Path: notificationPublishers_settings
Path: notificationPublishers_settings_items
Path: serverSettings
Path: serverSettings_items
Path: serverSettings_items_federationInfo
Path: serverSettings_items_contactInfo
Path: serverSettings_items_rolesAndProtocols
Path: serverSettings_items_rolesAndProtocols_oauthRole
Path: serverSettings_items_rolesAndProtocols_spRole
Path: serverSettings_items_rolesAndProtocols_spRole_saml20Profile
Path: serverSettings_items_rolesAndProtocols_idpRole
Path: serverSettings_items_rolesAndProtocols_idpRole_saml20Profile
Path: serverSettings_items_notifications
Ignoring resourceType:/serverSettings/systemKeys
Path: serverSettings_outboundProvisioning
Path: serverSettings_outboundProvisioning_items
Path: serverSettings_outboundProvisioning_items_dataStoreRef_
Path: administrativeAccounts
Path: administrativeAccounts_items
Path: certificates_revocation_settings
Path: certificates_revocation_settings_items
Path: certificates_revocation_settings_items_crlSettings
Path: virtualHostNames
Path: virtualHostNames_items
Path: redirectValidation
Path: redirectValidation_items
Path: redirectValidation_items_redirectValidationLocalSettings
Path: redirectValidation_items_redirectValidationPartnerSettings
Path: incomingProxySettings
Path: incomingProxySettings_items
Path: protocolMetadata_lifetimeSettings
Path: protocolMetadata_lifetimeSettings_items
Path: protocolMetadata_signingSettings
Path: protocolMetadata_signingSettings_items
Path: serviceAuthentication
Path: serviceAuthentication_items
Path: authenticationPolicyContracts
Path: authenticationPolicyContracts_items_TkNJ3HMIIvIeeZEM
Path: authenticationPolicyContracts_items_TkNJ3HMIIvIeeZEM_coreAttributes
Path: authenticationPolicyContracts_items_iQwSYDdExcmJaYk6
Path: authenticationPolicyContracts_items_iQwSYDdExcmJaYk6_coreAttributes
Path: authenticationPolicyContracts_items_iQwSYDdExcmJaYk6_extendedAttributes
Path: authenticationPolicyContracts_items_iQwSYDdExcmJaYk6_extendedAttributes
Path: authenticationPolicyContracts_items_iQwSYDdExcmJaYk6_extendedAttributes
Path: authenticationPolicyContracts_items_iQwSYDdExcmJaYk6_extendedAttributes
Path: authenticationPolicyContracts_items_iQwSYDdExcmJaYk6_extendedAttributes
Path: authenticationPolicyContracts_items_iQwSYDdExcmJaYk6_extendedAttributes
Path: authenticationPolicyContracts_items_iQwSYDdExcmJaYk6_extendedAttributes
Path: authenticationPolicyContracts_items_iQwSYDdExcmJaYk6_extendedAttributes
Path: authenticationPolicyContracts_items_iQwSYDdExcmJaYk6_extendedAttributes
Path: authenticationPolicyContracts_items_iQwSYDdExcmJaYk6_extendedAttributes
Path: authenticationPolicyContracts_items_iQwSYDdExcmJaYk6_extendedAttributes
Path: authenticationPolicyContracts_items_iQwSYDdExcmJaYk6_extendedAttributes
Path: passwordCredentialValidators
Path: passwordCredentialValidators_items_adminPCV
Path: passwordCredentialValidators_items_adminPCV_configuration
Path: passwordCredentialValidators_items_adminPCV_configuration_tables
Path: passwordCredentialValidators_items_adminPCV_configuration_fields
Path: passwordCredentialValidators_items_adminPCV_configuration_fields
Path: passwordCredentialValidators_items_adminPCV_configuration_fields
Path: passwordCredentialValidators_items_adminPCV_configuration_fields
Path: passwordCredentialValidators_items_adminPCV_configuration_fields
Path: passwordCredentialValidators_items_adminPCV_configuration_fields
Path: passwordCredentialValidators_items_adminPCV_configuration_fields
Path: passwordCredentialValidators_items_adminPCV_configuration_fields
Path: passwordCredentialValidators_items_adminPCV_configuration_fields
Path: passwordCredentialValidators_items_adminPCV_configuration_fields
Path: passwordCredentialValidators_items_adminPCV_configuration_fields
Path: passwordCredentialValidators_items_adminPCV_configuration_fields
Path: passwordCredentialValidators_items_adminPCV_configuration_fields
Path: passwordCredentialValidators_items_adminPCV_pluginDescriptorRef_org.sourceid.saml20.domain.LDAPUsernamePasswordCredentialValidator
Path: passwordCredentialValidators_items_adminPCV_attributeContract
Path: passwordCredentialValidators_items_adminPCV_attributeContract_coreAttributes
Path: passwordCredentialValidators_items_adminPCV_attributeContract_coreAttributes
Path: passwordCredentialValidators_items_adminPCV_attributeContract_coreAttributes
Path: passwordCredentialValidators_items_adminPCV_attributeContract_coreAttributes
Path: passwordCredentialValidators_items_adminPCV_attributeContract_extendedAttributes
Path: passwordCredentialValidators_items_adminPCV_attributeContract_extendedAttributes
Path: oauth_accessTokenManagers
Path: oauth_accessTokenManagers_items_adminATM
Path: oauth_accessTokenManagers_items_adminATM_sessionValidationSettings
Path: oauth_accessTokenManagers_items_adminATM_configuration
Path: oauth_accessTokenManagers_items_adminATM_configuration_tables
Path: oauth_accessTokenManagers_items_adminATM_configuration_tables
Path: oauth_accessTokenManagers_items_adminATM_configuration_tables_rows
Path: oauth_accessTokenManagers_items_adminATM_configuration_tables_rows_fields
Path: oauth_accessTokenManagers_items_adminATM_configuration_tables_rows_fields
Path: oauth_accessTokenManagers_items_adminATM_configuration_fields
Path: oauth_accessTokenManagers_items_adminATM_configuration_fields
Path: oauth_accessTokenManagers_items_adminATM_configuration_fields
Path: oauth_accessTokenManagers_items_adminATM_configuration_fields
Path: oauth_accessTokenManagers_items_adminATM_configuration_fields
Path: oauth_accessTokenManagers_items_adminATM_configuration_fields
Path: oauth_accessTokenManagers_items_adminATM_configuration_fields
Path: oauth_accessTokenManagers_items_adminATM_configuration_fields
Path: oauth_accessTokenManagers_items_adminATM_configuration_fields
Path: oauth_accessTokenManagers_items_adminATM_configuration_fields
Path: oauth_accessTokenManagers_items_adminATM_configuration_fields
Path: oauth_accessTokenManagers_items_adminATM_configuration_fields
Path: oauth_accessTokenManagers_items_adminATM_configuration_fields
Path: oauth_accessTokenManagers_items_adminATM_configuration_fields
Path: oauth_accessTokenManagers_items_adminATM_configuration_fields
Path: oauth_accessTokenManagers_items_adminATM_configuration_fields
Path: oauth_accessTokenManagers_items_adminATM_configuration_fields
Path: oauth_accessTokenManagers_items_adminATM_configuration_fields
Path: oauth_accessTokenManagers_items_adminATM_configuration_fields
Path: oauth_accessTokenManagers_items_adminATM_configuration_fields
Path: oauth_accessTokenManagers_items_adminATM_configuration_fields
Path: oauth_accessTokenManagers_items_adminATM_configuration_fields
Path: oauth_accessTokenManagers_items_adminATM_configuration_fields
Path: oauth_accessTokenManagers_items_adminATM_configuration_fields
Path: oauth_accessTokenManagers_items_adminATM_configuration_fields
Path: oauth_accessTokenManagers_items_adminATM_configuration_fields
Path: oauth_accessTokenManagers_items_adminATM_configuration_fields
Path: oauth_accessTokenManagers_items_adminATM_configuration_fields
Path: oauth_accessTokenManagers_items_adminATM_pluginDescriptorRef_com.pingidentity.pf.access.token.management.plugins.JwtBearerAccessTokenManagementPlugin
Path: oauth_accessTokenManagers_items_adminATM_accessControlSettings
Path: oauth_accessTokenManagers_items_adminATM_attributeContract
Path: oauth_accessTokenManagers_items_adminATM_attributeContract_extendedAttributes
Path: oauth_accessTokenManagers_items_adminATM_selectionSettings
Path: oauth_accessTokenManagers_items_obATM
Path: oauth_accessTokenManagers_items_obATM_sessionValidationSettings
Path: oauth_accessTokenManagers_items_obATM_configuration
Path: oauth_accessTokenManagers_items_obATM_configuration_tables
Path: oauth_accessTokenManagers_items_obATM_configuration_tables
Path: oauth_accessTokenManagers_items_obATM_configuration_fields
Path: oauth_accessTokenManagers_items_obATM_configuration_fields
Path: oauth_accessTokenManagers_items_obATM_configuration_fields
Path: oauth_accessTokenManagers_items_obATM_configuration_fields
Path: oauth_accessTokenManagers_items_obATM_configuration_fields
Path: oauth_accessTokenManagers_items_obATM_configuration_fields
Path: oauth_accessTokenManagers_items_obATM_configuration_fields
Path: oauth_accessTokenManagers_items_obATM_configuration_fields
Path: oauth_accessTokenManagers_items_obATM_configuration_fields
Path: oauth_accessTokenManagers_items_obATM_configuration_fields
Path: oauth_accessTokenManagers_items_obATM_configuration_fields
Path: oauth_accessTokenManagers_items_obATM_configuration_fields
Path: oauth_accessTokenManagers_items_obATM_configuration_fields
Path: oauth_accessTokenManagers_items_obATM_configuration_fields
Path: oauth_accessTokenManagers_items_obATM_configuration_fields
Path: oauth_accessTokenManagers_items_obATM_configuration_fields
Path: oauth_accessTokenManagers_items_obATM_configuration_fields
Path: oauth_accessTokenManagers_items_obATM_configuration_fields
Path: oauth_accessTokenManagers_items_obATM_configuration_fields
Path: oauth_accessTokenManagers_items_obATM_configuration_fields
Path: oauth_accessTokenManagers_items_obATM_configuration_fields
Path: oauth_accessTokenManagers_items_obATM_configuration_fields
Path: oauth_accessTokenManagers_items_obATM_configuration_fields
Path: oauth_accessTokenManagers_items_obATM_configuration_fields
Path: oauth_accessTokenManagers_items_obATM_configuration_fields
Path: oauth_accessTokenManagers_items_obATM_configuration_fields
Path: oauth_accessTokenManagers_items_obATM_configuration_fields
Path: oauth_accessTokenManagers_items_obATM_configuration_fields
Path: oauth_accessTokenManagers_items_obATM_pluginDescriptorRef_com.pingidentity.pf.access.token.management.plugins.JwtBearerAccessTokenManagementPlugin
Path: oauth_accessTokenManagers_items_obATM_accessControlSettings
Path: oauth_accessTokenManagers_items_obATM_attributeContract
Path: oauth_accessTokenManagers_items_obATM_attributeContract_extendedAttributes
Path: oauth_accessTokenManagers_items_obATM_attributeContract_extendedAttributes
Path: oauth_accessTokenManagers_items_obATM_attributeContract_extendedAttributes
Path: oauth_accessTokenManagers_items_obATM_selectionSettings
Path: oauth_accessTokenManagers_settings
Path: oauth_accessTokenManagers_settings_items
Path: oauth_accessTokenManagers_settings_items_defaultAccessTokenManagerRef_obATM
Path: kerberos_realms_settings
Path: kerberos_realms_settings_items
Path: idp_adapters
Path: idp_adapters_items_cdrConsentAdapter
Path: idp_adapters_items_cdrConsentAdapter_attributeMapping
Path: idp_adapters_items_cdrConsentAdapter_attributeMapping_attributeContractFulfillment
Path: idp_adapters_items_cdrConsentAdapter_attributeMapping_attributeContractFulfillment_accounts_raw
Path: idp_adapters_items_cdrConsentAdapter_attributeMapping_attributeContractFulfillment_accounts_raw_source
Path: idp_adapters_items_cdrConsentAdapter_attributeMapping_attributeContractFulfillment_subject
Path: idp_adapters_items_cdrConsentAdapter_attributeMapping_attributeContractFulfillment_subject_source
Path: idp_adapters_items_cdrConsentAdapter_attributeMapping_attributeContractFulfillment_scopes
Path: idp_adapters_items_cdrConsentAdapter_attributeMapping_attributeContractFulfillment_scopes_source
Path: idp_adapters_items_cdrConsentAdapter_attributeMapping_attributeContractFulfillment_accounts
Path: idp_adapters_items_cdrConsentAdapter_attributeMapping_attributeContractFulfillment_accounts_source
Path: idp_adapters_items_cdrConsentAdapter_attributeMapping_attributeContractFulfillment_consent_id
Path: idp_adapters_items_cdrConsentAdapter_attributeMapping_attributeContractFulfillment_consent_id_source
Path: idp_adapters_items_cdrConsentAdapter_attributeMapping_issuanceCriteria
Path: idp_adapters_items_cdrConsentAdapter_configuration
Path: idp_adapters_items_cdrConsentAdapter_configuration_fields
Path: idp_adapters_items_cdrConsentAdapter_configuration_fields
Path: idp_adapters_items_cdrConsentAdapter_configuration_fields
Path: idp_adapters_items_cdrConsentAdapter_configuration_fields
Path: idp_adapters_items_cdrConsentAdapter_configuration_fields
Path: idp_adapters_items_cdrConsentAdapter_pluginDescriptorRef_com.pingidentity.adapter.idp.ExternalConsentPageAdapter
Path: idp_adapters_items_cdrConsentAdapter_attributeContract
Path: idp_adapters_items_cdrConsentAdapter_attributeContract_coreAttributes
Path: idp_adapters_items_cdrConsentAdapter_attributeContract_coreAttributes
Path: idp_adapters_items_cdrConsentAdapter_attributeContract_coreAttributes
Path: idp_adapters_items_cdrConsentAdapter_attributeContract_coreAttributes
Path: idp_adapters_items_cdrConsentAdapter_attributeContract_coreAttributes
Path: idp_adapters_items_cdrSelectorAdapter
Path: idp_adapters_items_cdrSelectorAdapter_attributeMapping
Path: idp_adapters_items_cdrSelectorAdapter_attributeMapping_attributeContractFulfillment
Path: idp_adapters_items_cdrSelectorAdapter_attributeMapping_attributeContractFulfillment_claims_requestedACR
Path: idp_adapters_items_cdrSelectorAdapter_attributeMapping_attributeContractFulfillment_claims_requestedACR_source
Path: idp_adapters_items_cdrSelectorAdapter_attributeMapping_attributeContractFulfillment_claims_idtoken
Path: idp_adapters_items_cdrSelectorAdapter_attributeMapping_attributeContractFulfillment_claims_idtoken_source
Path: idp_adapters_items_cdrSelectorAdapter_attributeMapping_attributeContractFulfillment_claims_userinfo
Path: idp_adapters_items_cdrSelectorAdapter_attributeMapping_attributeContractFulfillment_claims_userinfo_source
Path: idp_adapters_items_cdrSelectorAdapter_attributeMapping_attributeContractFulfillment_caValue
Path: idp_adapters_items_cdrSelectorAdapter_attributeMapping_attributeContractFulfillment_caValue_source
Path: idp_adapters_items_cdrSelectorAdapter_attributeMapping_attributeContractFulfillment_claims_sharingDurationExpiresAt
Path: idp_adapters_items_cdrSelectorAdapter_attributeMapping_attributeContractFulfillment_claims_sharingDurationExpiresAt_source
Path: idp_adapters_items_cdrSelectorAdapter_attributeMapping_attributeContractFulfillment_claims_cdrArrangementId
Path: idp_adapters_items_cdrSelectorAdapter_attributeMapping_attributeContractFulfillment_claims_cdrArrangementId_source
Path: idp_adapters_items_cdrSelectorAdapter_attributeMapping_issuanceCriteria
Path: idp_adapters_items_cdrSelectorAdapter_configuration
Path: idp_adapters_items_cdrSelectorAdapter_configuration_fields
Path: idp_adapters_items_cdrSelectorAdapter_configuration_fields
Path: idp_adapters_items_cdrSelectorAdapter_configuration_fields
Path: idp_adapters_items_cdrSelectorAdapter_configuration_fields
Path: idp_adapters_items_cdrSelectorAdapter_pluginDescriptorRef_com.pingidentity.adapter.idp.CDRAdapterSelector
Path: idp_adapters_items_cdrSelectorAdapter_attributeContract
Path: idp_adapters_items_cdrSelectorAdapter_attributeContract_coreAttributes
Path: idp_adapters_items_cdrSelectorAdapter_attributeContract_coreAttributes
Path: idp_adapters_items_cdrSelectorAdapter_attributeContract_coreAttributes
Path: idp_adapters_items_cdrSelectorAdapter_attributeContract_coreAttributes
Path: idp_adapters_items_cdrSelectorAdapter_attributeContract_coreAttributes
Path: idp_adapters_items_cdrSelectorAdapter_attributeContract_coreAttributes
Path: idp_adapters_items_clickatellAdapter
Path: idp_adapters_items_clickatellAdapter_attributeMapping
Path: idp_adapters_items_clickatellAdapter_attributeMapping_attributeContractFulfillment
Path: idp_adapters_items_clickatellAdapter_attributeMapping_attributeContractFulfillment_smsUsername
Path: idp_adapters_items_clickatellAdapter_attributeMapping_attributeContractFulfillment_smsUsername_source
Path: idp_adapters_items_clickatellAdapter_attributeMapping_issuanceCriteria
Path: idp_adapters_items_clickatellAdapter_configuration
Path: idp_adapters_items_clickatellAdapter_configuration_fields
Path: idp_adapters_items_clickatellAdapter_configuration_fields
Path: idp_adapters_items_clickatellAdapter_configuration_fields
Path: idp_adapters_items_clickatellAdapter_pluginDescriptorRef_com.pingidentity.adapter.idp.ClickatelSMSMFAAdapter
Path: idp_adapters_items_clickatellAdapter_attributeContract
Path: idp_adapters_items_clickatellAdapter_attributeContract_coreAttributes
Path: idp_adapters_items_htmlFormAdapterAdministrators
Path: idp_adapters_items_htmlFormAdapterAdministrators_attributeMapping
Path: idp_adapters_items_htmlFormAdapterAdministrators_attributeMapping_attributeContractFulfillment
Path: idp_adapters_items_htmlFormAdapterAdministrators_attributeMapping_attributeContractFulfillment_entryUUID
Path: idp_adapters_items_htmlFormAdapterAdministrators_attributeMapping_attributeContractFulfillment_entryUUID_source
Path: idp_adapters_items_htmlFormAdapterAdministrators_attributeMapping_attributeContractFulfillment_policy.action
Path: idp_adapters_items_htmlFormAdapterAdministrators_attributeMapping_attributeContractFulfillment_policy.action_source
Path: idp_adapters_items_htmlFormAdapterAdministrators_attributeMapping_attributeContractFulfillment_givenName
Path: idp_adapters_items_htmlFormAdapterAdministrators_attributeMapping_attributeContractFulfillment_givenName_source
Path: idp_adapters_items_htmlFormAdapterAdministrators_attributeMapping_attributeContractFulfillment_sn
Path: idp_adapters_items_htmlFormAdapterAdministrators_attributeMapping_attributeContractFulfillment_sn_source
Path: idp_adapters_items_htmlFormAdapterAdministrators_attributeMapping_attributeContractFulfillment_username
Path: idp_adapters_items_htmlFormAdapterAdministrators_attributeMapping_attributeContractFulfillment_username_source
Path: idp_adapters_items_htmlFormAdapterAdministrators_attributeMapping_issuanceCriteria
Path: idp_adapters_items_htmlFormAdapterAdministrators_configuration
Path: idp_adapters_items_htmlFormAdapterAdministrators_configuration_tables
Path: idp_adapters_items_htmlFormAdapterAdministrators_configuration_tables_rows
Path: idp_adapters_items_htmlFormAdapterAdministrators_configuration_tables_rows_fields
Path: idp_adapters_items_htmlFormAdapterAdministrators_configuration_fields
Path: idp_adapters_items_htmlFormAdapterAdministrators_configuration_fields
Path: idp_adapters_items_htmlFormAdapterAdministrators_configuration_fields
Path: idp_adapters_items_htmlFormAdapterAdministrators_configuration_fields
Path: idp_adapters_items_htmlFormAdapterAdministrators_configuration_fields
Path: idp_adapters_items_htmlFormAdapterAdministrators_configuration_fields
Path: idp_adapters_items_htmlFormAdapterAdministrators_configuration_fields
Path: idp_adapters_items_htmlFormAdapterAdministrators_configuration_fields
Path: idp_adapters_items_htmlFormAdapterAdministrators_configuration_fields
Path: idp_adapters_items_htmlFormAdapterAdministrators_configuration_fields
Path: idp_adapters_items_htmlFormAdapterAdministrators_configuration_fields
Path: idp_adapters_items_htmlFormAdapterAdministrators_configuration_fields
Path: idp_adapters_items_htmlFormAdapterAdministrators_configuration_fields
Path: idp_adapters_items_htmlFormAdapterAdministrators_configuration_fields
Path: idp_adapters_items_htmlFormAdapterAdministrators_configuration_fields
Path: idp_adapters_items_htmlFormAdapterAdministrators_configuration_fields
Path: idp_adapters_items_htmlFormAdapterAdministrators_configuration_fields
Path: idp_adapters_items_htmlFormAdapterAdministrators_configuration_fields
Path: idp_adapters_items_htmlFormAdapterAdministrators_configuration_fields
Path: idp_adapters_items_htmlFormAdapterAdministrators_configuration_fields
Path: idp_adapters_items_htmlFormAdapterAdministrators_configuration_fields
Path: idp_adapters_items_htmlFormAdapterAdministrators_configuration_fields
Path: idp_adapters_items_htmlFormAdapterAdministrators_configuration_fields
Path: idp_adapters_items_htmlFormAdapterAdministrators_configuration_fields
Path: idp_adapters_items_htmlFormAdapterAdministrators_configuration_fields
Path: idp_adapters_items_htmlFormAdapterAdministrators_configuration_fields
Path: idp_adapters_items_htmlFormAdapterAdministrators_configuration_fields
Path: idp_adapters_items_htmlFormAdapterAdministrators_configuration_fields
Path: idp_adapters_items_htmlFormAdapterAdministrators_configuration_fields
Path: idp_adapters_items_htmlFormAdapterAdministrators_configuration_fields
Path: idp_adapters_items_htmlFormAdapterAdministrators_configuration_fields
Path: idp_adapters_items_htmlFormAdapterAdministrators_configuration_fields
Path: idp_adapters_items_htmlFormAdapterAdministrators_configuration_fields
Path: idp_adapters_items_htmlFormAdapterAdministrators_configuration_fields
Path: idp_adapters_items_htmlFormAdapterAdministrators_configuration_fields
Path: idp_adapters_items_htmlFormAdapterAdministrators_configuration_fields
Path: idp_adapters_items_htmlFormAdapterAdministrators_configuration_fields
Path: idp_adapters_items_htmlFormAdapterAdministrators_configuration_fields
Path: idp_adapters_items_htmlFormAdapterAdministrators_configuration_fields
Path: idp_adapters_items_htmlFormAdapterAdministrators_configuration_fields
Path: idp_adapters_items_htmlFormAdapterAdministrators_configuration_fields
Path: idp_adapters_items_htmlFormAdapterAdministrators_configuration_fields
Path: idp_adapters_items_htmlFormAdapterAdministrators_configuration_fields
Path: idp_adapters_items_htmlFormAdapterAdministrators_configuration_fields
Path: idp_adapters_items_htmlFormAdapterAdministrators_configuration_fields
Path: idp_adapters_items_htmlFormAdapterAdministrators_configuration_fields
Path: idp_adapters_items_htmlFormAdapterAdministrators_configuration_fields
Path: idp_adapters_items_htmlFormAdapterAdministrators_configuration_fields
Path: idp_adapters_items_htmlFormAdapterAdministrators_configuration_fields
Path: idp_adapters_items_htmlFormAdapterAdministrators_configuration_fields
Path: idp_adapters_items_htmlFormAdapterAdministrators_pluginDescriptorRef_com.pingidentity.adapters.htmlform.idp.HtmlFormIdpAuthnAdapter
Path: idp_adapters_items_htmlFormAdapterAdministrators_attributeContract
Path: idp_adapters_items_htmlFormAdapterAdministrators_attributeContract_coreAttributes
Path: idp_adapters_items_htmlFormAdapterAdministrators_attributeContract_coreAttributes
Path: idp_adapters_items_htmlFormAdapterAdministrators_attributeContract_extendedAttributes
Path: idp_adapters_items_htmlFormAdapterAdministrators_attributeContract_extendedAttributes
Path: idp_adapters_items_htmlFormAdapterAdministrators_attributeContract_extendedAttributes
Path: idp_adapters_items_identityFirstAdapter
Path: idp_adapters_items_identityFirstAdapter_attributeMapping
Path: idp_adapters_items_identityFirstAdapter_attributeMapping_attributeContractFulfillment
Path: idp_adapters_items_identityFirstAdapter_attributeMapping_attributeContractFulfillment_entryUUID
Path: idp_adapters_items_identityFirstAdapter_attributeMapping_attributeContractFulfillment_entryUUID_source_ldap
Path: idp_adapters_items_identityFirstAdapter_attributeMapping_attributeContractFulfillment_subject
Path: idp_adapters_items_identityFirstAdapter_attributeMapping_attributeContractFulfillment_subject_source
Path: idp_adapters_items_identityFirstAdapter_attributeMapping_attributeContractFulfillment_domain
Path: idp_adapters_items_identityFirstAdapter_attributeMapping_attributeContractFulfillment_domain_source
Path: idp_adapters_items_identityFirstAdapter_attributeMapping_attributeContractFulfillment_mobile
Path: idp_adapters_items_identityFirstAdapter_attributeMapping_attributeContractFulfillment_mobile_source
Path: idp_adapters_items_identityFirstAdapter_attributeMapping_attributeSources_ldap
Path: idp_adapters_items_identityFirstAdapter_attributeMapping_attributeSources_ldap_binaryAttributeSettings
Path: idp_adapters_items_identityFirstAdapter_attributeMapping_attributeSources_ldap_dataStoreRef_LDAP_C29DCC21274C10A483A76237675C3A22715D638C
Path: idp_adapters_items_identityFirstAdapter_attributeMapping_issuanceCriteria
Path: idp_adapters_items_identityFirstAdapter_configuration
Path: idp_adapters_items_identityFirstAdapter_configuration_fields
Path: idp_adapters_items_identityFirstAdapter_configuration_fields
Path: idp_adapters_items_identityFirstAdapter_configuration_fields
Path: idp_adapters_items_identityFirstAdapter_configuration_fields
Path: idp_adapters_items_identityFirstAdapter_pluginDescriptorRef_com.pingidentity.adapters.identifierfirst.idp.IdentifierFirstAdapter
Path: idp_adapters_items_identityFirstAdapter_attributeContract
Path: idp_adapters_items_identityFirstAdapter_attributeContract_coreAttributes
Path: idp_adapters_items_identityFirstAdapter_attributeContract_coreAttributes
Path: idp_adapters_items_identityFirstAdapter_attributeContract_extendedAttributes
Path: idp_adapters_items_identityFirstAdapter_attributeContract_extendedAttributes
Path: sp_adapters
Path: sp_adapters_items_paragentless
Path: sp_adapters_items_paragentless_configuration
Path: sp_adapters_items_paragentless_configuration_fields
Path: sp_adapters_items_paragentless_configuration_fields
Path: sp_adapters_items_paragentless_configuration_fields
Path: sp_adapters_items_paragentless_configuration_fields
Path: sp_adapters_items_paragentless_configuration_fields
Path: sp_adapters_items_paragentless_configuration_fields
Path: sp_adapters_items_paragentless_configuration_fields
Path: sp_adapters_items_paragentless_configuration_fields
Path: sp_adapters_items_paragentless_configuration_fields
Path: sp_adapters_items_paragentless_configuration_fields
Path: sp_adapters_items_paragentless_configuration_fields
Path: sp_adapters_items_paragentless_configuration_fields
Path: sp_adapters_items_paragentless_configuration_fields
Path: sp_adapters_items_paragentless_configuration_fields
Path: sp_adapters_items_paragentless_configuration_fields
Path: sp_adapters_items_paragentless_targetApplicationInfo
Path: sp_adapters_items_paragentless_pluginDescriptorRef_com.pingidentity.pf.adapters.referenceid.SpBackchannelReferenceAuthnAdapter
Path: sp_adapters_items_paragentless_attributeContract
Path: sp_adapters_items_paragentless_attributeContract_coreAttributes
Path: idp_defaultUrls
Path: idp_defaultUrls_items
Path: sp_defaultUrls
Path: sp_defaultUrls_items
Path: extendedProperties
Path: extendedProperties_items
Path: extendedProperties_items
Path: extendedProperties_items
Path: extendedProperties_items
Path: extendedProperties_items
Path: extendedProperties_items
Path: extendedProperties_items
Path: extendedProperties_items
Path: extendedProperties_items
Path: extendedProperties_items
Path: extendedProperties_items
Path: extendedProperties_items
Path: session_settings
Path: session_settings_items
Path: session_applicationSessionPolicy
Path: session_applicationSessionPolicy_items
Path: session_authenticationSessionPolicies_global
Path: session_authenticationSessionPolicies_global_items
Path: session_authenticationSessionPolicies
Path: session_authenticationSessionPolicies_items_25O2mobMxNK92IFFMqG6CdeJp
Path: session_authenticationSessionPolicies_items_25O2mobMxNK92IFFMqG6CdeJp_authenticationSource
Path: session_authenticationSessionPolicies_items_25O2mobMxNK92IFFMqG6CdeJp_authenticationSource_sourceRef_cdrConsentAdapter
Path: session_authenticationSessionPolicies_items_DHPY4AdjRKP8m1uU8jEvNd0h7
Path: session_authenticationSessionPolicies_items_DHPY4AdjRKP8m1uU8jEvNd0h7_authenticationSource
Path: session_authenticationSessionPolicies_items_DHPY4AdjRKP8m1uU8jEvNd0h7_authenticationSource_sourceRef_cdrSelectorAdapter
Path: session_authenticationSessionPolicies_items_EScBDCH3FaSv12NTG58jdTKaE
Path: session_authenticationSessionPolicies_items_EScBDCH3FaSv12NTG58jdTKaE_authenticationSource
Path: session_authenticationSessionPolicies_items_EScBDCH3FaSv12NTG58jdTKaE_authenticationSource_sourceRef_identityFirstAdapter
Path: session_authenticationSessionPolicies_items_b5SNfINVCnFS2MPYXA1rWpoth
Path: session_authenticationSessionPolicies_items_b5SNfINVCnFS2MPYXA1rWpoth_authenticationSource
Path: session_authenticationSessionPolicies_items_b5SNfINVCnFS2MPYXA1rWpoth_authenticationSource_sourceRef_clickatellAdapter
Path: oauth_authServerSettings
Path: oauth_authServerSettings_items
Path: oauth_authServerSettings_items_persistentGrantContract
Path: oauth_authServerSettings_items_persistentGrantContract_coreAttributes
Path: oauth_authServerSettings_items_persistentGrantContract_coreAttributes
Path: oauth_authServerSettings_items_persistentGrantContract_extendedAttributes
Path: oauth_authServerSettings_items_persistentGrantContract_extendedAttributes
Path: oauth_authServerSettings_items_persistentGrantContract_extendedAttributes
Path: oauth_authServerSettings_items_persistentGrantContract_extendedAttributes
Path: oauth_authServerSettings_items_persistentGrantContract_extendedAttributes
Path: oauth_authServerSettings_items_persistentGrantContract_extendedAttributes
Path: oauth_authServerSettings_items_persistentGrantContract_extendedAttributes
Path: oauth_authServerSettings_items_persistentGrantContract_extendedAttributes
Path: oauth_authServerSettings_items_persistentGrantContract_extendedAttributes
Path: oauth_authServerSettings_items_persistentGrantContract_extendedAttributes
Path: oauth_authServerSettings_items_persistentGrantContract_extendedAttributes
Path: oauth_authServerSettings_items_persistentGrantContract_extendedAttributes
Path: oauth_authServerSettings_items_adminWebServicePcvRef_adminPCV
Path: oauth_authServerSettings_items_exclusiveScopeGroups
Path: oauth_authServerSettings_items_scopes
Path: oauth_authServerSettings_items_scopes
Path: oauth_authServerSettings_items_scopes
Path: oauth_authServerSettings_items_scopes
Path: oauth_authServerSettings_items_scopes
Path: oauth_authServerSettings_items_scopes
Path: oauth_authServerSettings_items_exclusiveScopes
Path: oauth_authServerSettings_items_exclusiveScopes
Path: oauth_authServerSettings_items_exclusiveScopes
Path: oauth_authServerSettings_items_exclusiveScopes
Path: oauth_authServerSettings_items_exclusiveScopes
Path: oauth_authServerSettings_items_exclusiveScopes
Path: oauth_authServerSettings_items_exclusiveScopes
Path: oauth_authServerSettings_items_exclusiveScopes
Path: oauth_authServerSettings_items_exclusiveScopes
Path: oauth_authServerSettings_items_exclusiveScopes
Path: oauth_authServerSettings_items_exclusiveScopes
Path: oauth_authServerSettings_items_exclusiveScopes
Path: oauth_authServerSettings_items_exclusiveScopes
Path: oauth_authServerSettings_items_exclusiveScopes
Path: oauth_authServerSettings_items_exclusiveScopes
Path: oauth_authServerSettings_items_exclusiveScopes
Path: oauth_authServerSettings_items_exclusiveScopes
Path: oauth_authServerSettings_items_exclusiveScopes
Path: oauth_authServerSettings_items_exclusiveScopes
Path: oauth_authServerSettings_items_exclusiveScopes
Path: oauth_authServerSettings_items_exclusiveScopes
Path: oauth_authServerSettings_items_exclusiveScopes
Path: oauth_authServerSettings_items_exclusiveScopes
Path: oauth_authServerSettings_items_exclusiveScopes
Path: oauth_authServerSettings_items_exclusiveScopes
Path: oauth_authServerSettings_items_exclusiveScopes
Path: oauth_authServerSettings_items_exclusiveScopes
Path: oauth_authServerSettings_items_exclusiveScopes
Path: oauth_authServerSettings_items_exclusiveScopes
Path: oauth_authServerSettings_items_exclusiveScopes
Path: oauth_authenticationPolicyContractMappings
Path: oauth_authenticationPolicyContractMappings_items_TkNJ3HMIIvIeeZEM
Path: oauth_authenticationPolicyContractMappings_items_TkNJ3HMIIvIeeZEM_authenticationPolicyContractRef_TkNJ3HMIIvIeeZEM
Path: oauth_authenticationPolicyContractMappings_items_TkNJ3HMIIvIeeZEM_attributeContractFulfillment
Path: oauth_authenticationPolicyContractMappings_items_TkNJ3HMIIvIeeZEM_attributeContractFulfillment_APPROVED_SCOPES
Path: oauth_authenticationPolicyContractMappings_items_TkNJ3HMIIvIeeZEM_attributeContractFulfillment_APPROVED_SCOPES_source
Path: oauth_authenticationPolicyContractMappings_items_TkNJ3HMIIvIeeZEM_attributeContractFulfillment_AVAILABLE_ACCOUNTS
Path: oauth_authenticationPolicyContractMappings_items_TkNJ3HMIIvIeeZEM_attributeContractFulfillment_AVAILABLE_ACCOUNTS_source
Path: oauth_authenticationPolicyContractMappings_items_TkNJ3HMIIvIeeZEM_attributeContractFulfillment_ACR_VALUES
Path: oauth_authenticationPolicyContractMappings_items_TkNJ3HMIIvIeeZEM_attributeContractFulfillment_ACR_VALUES_source
Path: oauth_authenticationPolicyContractMappings_items_TkNJ3HMIIvIeeZEM_attributeContractFulfillment_CONSENT_ID
Path: oauth_authenticationPolicyContractMappings_items_TkNJ3HMIIvIeeZEM_attributeContractFulfillment_CONSENT_ID_source
Path: oauth_authenticationPolicyContractMappings_items_TkNJ3HMIIvIeeZEM_attributeContractFulfillment_AUTH_TIME
Path: oauth_authenticationPolicyContractMappings_items_TkNJ3HMIIvIeeZEM_attributeContractFulfillment_AUTH_TIME_source
Path: oauth_authenticationPolicyContractMappings_items_TkNJ3HMIIvIeeZEM_attributeContractFulfillment_USER_NAME
Path: oauth_authenticationPolicyContractMappings_items_TkNJ3HMIIvIeeZEM_attributeContractFulfillment_USER_NAME_source
Path: oauth_authenticationPolicyContractMappings_items_TkNJ3HMIIvIeeZEM_attributeContractFulfillment_CUSTOMER_REF
Path: oauth_authenticationPolicyContractMappings_items_TkNJ3HMIIvIeeZEM_attributeContractFulfillment_CUSTOMER_REF_source
Path: oauth_authenticationPolicyContractMappings_items_TkNJ3HMIIvIeeZEM_attributeContractFulfillment_CONSENTAPI_ID
Path: oauth_authenticationPolicyContractMappings_items_TkNJ3HMIIvIeeZEM_attributeContractFulfillment_CONSENTAPI_ID_source
Path: oauth_authenticationPolicyContractMappings_items_TkNJ3HMIIvIeeZEM_attributeContractFulfillment_SHARING_DURATION_EXPIRES_AT
Path: oauth_authenticationPolicyContractMappings_items_TkNJ3HMIIvIeeZEM_attributeContractFulfillment_SHARING_DURATION_EXPIRES_AT_source
Path: oauth_authenticationPolicyContractMappings_items_TkNJ3HMIIvIeeZEM_attributeContractFulfillment_SELECTED_ACCOUNTS
Path: oauth_authenticationPolicyContractMappings_items_TkNJ3HMIIvIeeZEM_attributeContractFulfillment_SELECTED_ACCOUNTS_source
Path: oauth_authenticationPolicyContractMappings_items_TkNJ3HMIIvIeeZEM_attributeContractFulfillment_CLAIMS_IDTOKEN
Path: oauth_authenticationPolicyContractMappings_items_TkNJ3HMIIvIeeZEM_attributeContractFulfillment_CLAIMS_IDTOKEN_source
Path: oauth_authenticationPolicyContractMappings_items_TkNJ3HMIIvIeeZEM_attributeContractFulfillment_SUBJECT
Path: oauth_authenticationPolicyContractMappings_items_TkNJ3HMIIvIeeZEM_attributeContractFulfillment_SUBJECT_source
Path: oauth_authenticationPolicyContractMappings_items_TkNJ3HMIIvIeeZEM_attributeContractFulfillment_USER_KEY
Path: oauth_authenticationPolicyContractMappings_items_TkNJ3HMIIvIeeZEM_attributeContractFulfillment_USER_KEY_source
Path: oauth_authenticationPolicyContractMappings_items_TkNJ3HMIIvIeeZEM_attributeContractFulfillment_CLAIMS_USERINFO
Path: oauth_authenticationPolicyContractMappings_items_TkNJ3HMIIvIeeZEM_attributeContractFulfillment_CLAIMS_USERINFO_source
Path: oauth_authenticationPolicyContractMappings_items_TkNJ3HMIIvIeeZEM_issuanceCriteria
Path: oauth_authenticationPolicyContractMappings_items_iQwSYDdExcmJaYk6
Path: oauth_authenticationPolicyContractMappings_items_iQwSYDdExcmJaYk6_authenticationPolicyContractRef_iQwSYDdExcmJaYk6
Path: oauth_authenticationPolicyContractMappings_items_iQwSYDdExcmJaYk6_attributeContractFulfillment
Path: oauth_authenticationPolicyContractMappings_items_iQwSYDdExcmJaYk6_attributeContractFulfillment_APPROVED_SCOPES
Path: oauth_authenticationPolicyContractMappings_items_iQwSYDdExcmJaYk6_attributeContractFulfillment_APPROVED_SCOPES_source
Path: oauth_authenticationPolicyContractMappings_items_iQwSYDdExcmJaYk6_attributeContractFulfillment_AVAILABLE_ACCOUNTS
Path: oauth_authenticationPolicyContractMappings_items_iQwSYDdExcmJaYk6_attributeContractFulfillment_AVAILABLE_ACCOUNTS_source
Path: oauth_authenticationPolicyContractMappings_items_iQwSYDdExcmJaYk6_attributeContractFulfillment_ACR_VALUES
Path: oauth_authenticationPolicyContractMappings_items_iQwSYDdExcmJaYk6_attributeContractFulfillment_ACR_VALUES_source
Path: oauth_authenticationPolicyContractMappings_items_iQwSYDdExcmJaYk6_attributeContractFulfillment_CONSENT_ID
Path: oauth_authenticationPolicyContractMappings_items_iQwSYDdExcmJaYk6_attributeContractFulfillment_CONSENT_ID_source
Path: oauth_authenticationPolicyContractMappings_items_iQwSYDdExcmJaYk6_attributeContractFulfillment_AUTH_TIME
Path: oauth_authenticationPolicyContractMappings_items_iQwSYDdExcmJaYk6_attributeContractFulfillment_AUTH_TIME_source
Path: oauth_authenticationPolicyContractMappings_items_iQwSYDdExcmJaYk6_attributeContractFulfillment_USER_NAME
Path: oauth_authenticationPolicyContractMappings_items_iQwSYDdExcmJaYk6_attributeContractFulfillment_USER_NAME_source
Path: oauth_authenticationPolicyContractMappings_items_iQwSYDdExcmJaYk6_attributeContractFulfillment_CUSTOMER_REF
Path: oauth_authenticationPolicyContractMappings_items_iQwSYDdExcmJaYk6_attributeContractFulfillment_CUSTOMER_REF_source
Path: oauth_authenticationPolicyContractMappings_items_iQwSYDdExcmJaYk6_attributeContractFulfillment_CONSENTAPI_ID
Path: oauth_authenticationPolicyContractMappings_items_iQwSYDdExcmJaYk6_attributeContractFulfillment_CONSENTAPI_ID_source
Path: oauth_authenticationPolicyContractMappings_items_iQwSYDdExcmJaYk6_attributeContractFulfillment_SHARING_DURATION_EXPIRES_AT
Path: oauth_authenticationPolicyContractMappings_items_iQwSYDdExcmJaYk6_attributeContractFulfillment_SHARING_DURATION_EXPIRES_AT_source
Path: oauth_authenticationPolicyContractMappings_items_iQwSYDdExcmJaYk6_attributeContractFulfillment_SELECTED_ACCOUNTS
Path: oauth_authenticationPolicyContractMappings_items_iQwSYDdExcmJaYk6_attributeContractFulfillment_SELECTED_ACCOUNTS_source
Path: oauth_authenticationPolicyContractMappings_items_iQwSYDdExcmJaYk6_attributeContractFulfillment_CLAIMS_IDTOKEN
Path: oauth_authenticationPolicyContractMappings_items_iQwSYDdExcmJaYk6_attributeContractFulfillment_CLAIMS_IDTOKEN_source
Path: oauth_authenticationPolicyContractMappings_items_iQwSYDdExcmJaYk6_attributeContractFulfillment_SUBJECT
Path: oauth_authenticationPolicyContractMappings_items_iQwSYDdExcmJaYk6_attributeContractFulfillment_SUBJECT_source
Path: oauth_authenticationPolicyContractMappings_items_iQwSYDdExcmJaYk6_attributeContractFulfillment_CLAIMS_USERINFO
Path: oauth_authenticationPolicyContractMappings_items_iQwSYDdExcmJaYk6_attributeContractFulfillment_CLAIMS_USERINFO_source
Path: oauth_authenticationPolicyContractMappings_items_iQwSYDdExcmJaYk6_attributeContractFulfillment_USER_KEY
Path: oauth_authenticationPolicyContractMappings_items_iQwSYDdExcmJaYk6_attributeContractFulfillment_USER_KEY_source
Path: oauth_authenticationPolicyContractMappings_items_iQwSYDdExcmJaYk6_issuanceCriteria
Path: oauth_cibaServerPolicy_settings
Path: oauth_cibaServerPolicy_settings_items
Path: oauth_openIdConnect_policies
Path: oauth_openIdConnect_policies_items_adminOIDCPolicy
Path: oauth_openIdConnect_policies_items_adminOIDCPolicy_attributeMapping
Path: oauth_openIdConnect_policies_items_adminOIDCPolicy_attributeMapping_attributeContractFulfillment
Path: oauth_openIdConnect_policies_items_adminOIDCPolicy_attributeMapping_attributeContractFulfillment_sub
Path: oauth_openIdConnect_policies_items_adminOIDCPolicy_attributeMapping_attributeContractFulfillment_sub_source
Path: oauth_openIdConnect_policies_items_adminOIDCPolicy_attributeMapping_issuanceCriteria
Path: oauth_openIdConnect_policies_items_adminOIDCPolicy_scopeAttributeMappings
Path: oauth_openIdConnect_policies_items_adminOIDCPolicy_attributeContract
Path: oauth_openIdConnect_policies_items_adminOIDCPolicy_attributeContract_coreAttributes
Path: oauth_openIdConnect_policies_items_adminOIDCPolicy_accessTokenManagerRef_adminATM
Path: oauth_openIdConnect_policies_items_obOIDCPolicy
Path: oauth_openIdConnect_policies_items_obOIDCPolicy_attributeMapping
Path: oauth_openIdConnect_policies_items_obOIDCPolicy_attributeMapping_attributeContractFulfillment
Path: oauth_openIdConnect_policies_items_obOIDCPolicy_attributeMapping_attributeContractFulfillment_acr
Path: oauth_openIdConnect_policies_items_obOIDCPolicy_attributeMapping_attributeContractFulfillment_acr_source
Path: oauth_openIdConnect_policies_items_obOIDCPolicy_attributeMapping_attributeContractFulfillment_sub
Path: oauth_openIdConnect_policies_items_obOIDCPolicy_attributeMapping_attributeContractFulfillment_sub_source
Path: oauth_openIdConnect_policies_items_obOIDCPolicy_attributeMapping_attributeContractFulfillment_refresh_token_expires_at
Path: oauth_openIdConnect_policies_items_obOIDCPolicy_attributeMapping_attributeContractFulfillment_refresh_token_expires_at_source
Path: oauth_openIdConnect_policies_items_obOIDCPolicy_attributeMapping_attributeContractFulfillment_updated_at
Path: oauth_openIdConnect_policies_items_obOIDCPolicy_attributeMapping_attributeContractFulfillment_updated_at_source
Path: oauth_openIdConnect_policies_items_obOIDCPolicy_attributeMapping_attributeContractFulfillment_auth_time
Path: oauth_openIdConnect_policies_items_obOIDCPolicy_attributeMapping_attributeContractFulfillment_auth_time_source
Path: oauth_openIdConnect_policies_items_obOIDCPolicy_attributeMapping_attributeContractFulfillment_name
Path: oauth_openIdConnect_policies_items_obOIDCPolicy_attributeMapping_attributeContractFulfillment_name_source
Path: oauth_openIdConnect_policies_items_obOIDCPolicy_attributeMapping_attributeContractFulfillment_given_name
Path: oauth_openIdConnect_policies_items_obOIDCPolicy_attributeMapping_attributeContractFulfillment_given_name_source
Path: oauth_openIdConnect_policies_items_obOIDCPolicy_attributeMapping_attributeContractFulfillment_family_name
Path: oauth_openIdConnect_policies_items_obOIDCPolicy_attributeMapping_attributeContractFulfillment_family_name_source
Path: oauth_openIdConnect_policies_items_obOIDCPolicy_attributeMapping_attributeContractFulfillment_sharing_expires_at
Path: oauth_openIdConnect_policies_items_obOIDCPolicy_attributeMapping_attributeContractFulfillment_sharing_expires_at_source
Path: oauth_openIdConnect_policies_items_obOIDCPolicy_attributeMapping_attributeSources_ldap
Path: oauth_openIdConnect_policies_items_obOIDCPolicy_attributeMapping_attributeSources_ldap_binaryAttributeSettings
Path: oauth_openIdConnect_policies_items_obOIDCPolicy_attributeMapping_attributeSources_ldap_dataStoreRef_LDAP_C29DCC21274C10A483A76237675C3A22715D638C
Path: oauth_openIdConnect_policies_items_obOIDCPolicy_attributeMapping_issuanceCriteria
Path: oauth_openIdConnect_policies_items_obOIDCPolicy_scopeAttributeMappings
Path: oauth_openIdConnect_policies_items_obOIDCPolicy_scopeAttributeMappings_openid
Path: oauth_openIdConnect_policies_items_obOIDCPolicy_attributeContract
Path: oauth_openIdConnect_policies_items_obOIDCPolicy_attributeContract_coreAttributes
Path: oauth_openIdConnect_policies_items_obOIDCPolicy_attributeContract_extendedAttributes
Path: oauth_openIdConnect_policies_items_obOIDCPolicy_attributeContract_extendedAttributes
Path: oauth_openIdConnect_policies_items_obOIDCPolicy_attributeContract_extendedAttributes
Path: oauth_openIdConnect_policies_items_obOIDCPolicy_attributeContract_extendedAttributes
Path: oauth_openIdConnect_policies_items_obOIDCPolicy_attributeContract_extendedAttributes
Path: oauth_openIdConnect_policies_items_obOIDCPolicy_attributeContract_extendedAttributes
Path: oauth_openIdConnect_policies_items_obOIDCPolicy_attributeContract_extendedAttributes
Path: oauth_openIdConnect_policies_items_obOIDCPolicy_attributeContract_extendedAttributes
Path: oauth_openIdConnect_policies_items_obOIDCPolicy_accessTokenManagerRef_obATM
Path: oauth_openIdConnect_settings
Path: oauth_openIdConnect_settings_items
Path: oauth_openIdConnect_settings_items_defaultPolicyRef_obOIDCPolicy
Path: oauth_openIdConnect_settings_items_sessionSettings
Path: oauth_tokenExchange_processor_settings
Path: oauth_tokenExchange_processor_settings_items
Path: oauth_tokenExchange_generator_settings
Path: oauth_tokenExchange_generator_settings_items
Path: oauth_clientRegistrationPolicies
Path: oauth_clientRegistrationPolicies_items_cdrAURegister
Path: oauth_clientRegistrationPolicies_items_cdrAURegister_configuration
Path: oauth_clientRegistrationPolicies_items_cdrAURegister_configuration_fields
Path: oauth_clientRegistrationPolicies_items_cdrAURegister_configuration_fields
Path: oauth_clientRegistrationPolicies_items_cdrAURegister_configuration_fields
Path: oauth_clientRegistrationPolicies_items_cdrAURegister_configuration_fields
Path: oauth_clientRegistrationPolicies_items_cdrAURegister_configuration_fields
Path: oauth_clientRegistrationPolicies_items_cdrAURegister_configuration_fields
Path: oauth_clientRegistrationPolicies_items_cdrAURegister_configuration_fields
Path: oauth_clientRegistrationPolicies_items_cdrAURegister_configuration_fields
Path: oauth_clientRegistrationPolicies_items_cdrAURegister_configuration_fields
Path: oauth_clientRegistrationPolicies_items_cdrAURegister_configuration_fields
Path: oauth_clientRegistrationPolicies_items_cdrAURegister_configuration_fields
Path: oauth_clientRegistrationPolicies_items_cdrAURegister_configuration_fields
Path: oauth_clientRegistrationPolicies_items_cdrAURegister_pluginDescriptorRef_com.pingidentity.clientregistration.CDRAUPlugin
Path: oauth_clientSettings
Path: oauth_clientSettings_items
Path: oauth_clientSettings_items_dynamicClientRegistration
Path: oauth_clientSettings_items_dynamicClientRegistration_policyRefs_cdrAURegister
Path: oauth_clientSettings_items_dynamicClientRegistration_defaultAccessTokenManagerRef_obATM
Path: oauth_clientSettings_items_clientMetadata
Path: oauth_clientSettings_items_clientMetadata
Path: oauth_clientSettings_items_clientMetadata
Path: oauth_clientSettings_items_clientMetadata
Path: oauth_clientSettings_items_clientMetadata
Path: oauth_clientSettings_items_clientMetadata
Path: oauth_clientSettings_items_clientMetadata
Path: oauth_clientSettings_items_clientMetadata
Path: oauth_clientSettings_items_clientMetadata
Path: oauth_clientSettings_items_clientMetadata
Path: oauth_clientSettings_items_clientMetadata
Path: oauth_clientSettings_items_clientMetadata
Path: oauth_accessTokenMappings
Path: oauth_accessTokenMappings_items_authz_req_apc.TkNJ3HMIIvIeeZEM_adminATM
Path: oauth_accessTokenMappings_items_authz_req_apc.TkNJ3HMIIvIeeZEM_adminATM_context
Path: oauth_accessTokenMappings_items_authz_req_apc.TkNJ3HMIIvIeeZEM_adminATM_context_contextRef_TkNJ3HMIIvIeeZEM
Path: oauth_accessTokenMappings_items_authz_req_apc.TkNJ3HMIIvIeeZEM_adminATM_attributeContractFulfillment
Path: oauth_accessTokenMappings_items_authz_req_apc.TkNJ3HMIIvIeeZEM_adminATM_attributeContractFulfillment_sub
Path: oauth_accessTokenMappings_items_authz_req_apc.TkNJ3HMIIvIeeZEM_adminATM_attributeContractFulfillment_sub_source
Path: oauth_accessTokenMappings_items_authz_req_apc.TkNJ3HMIIvIeeZEM_adminATM_issuanceCriteria
Path: oauth_accessTokenMappings_items_authz_req_apc.TkNJ3HMIIvIeeZEM_adminATM_accessTokenManagerRef_adminATM
Path: oauth_accessTokenMappings_items_authz_req_apc.iQwSYDdExcmJaYk6_obATM
Path: oauth_accessTokenMappings_items_authz_req_apc.iQwSYDdExcmJaYk6_obATM_context
Path: oauth_accessTokenMappings_items_authz_req_apc.iQwSYDdExcmJaYk6_obATM_context_contextRef_iQwSYDdExcmJaYk6
Path: oauth_accessTokenMappings_items_authz_req_apc.iQwSYDdExcmJaYk6_obATM_attributeContractFulfillment
Path: oauth_accessTokenMappings_items_authz_req_apc.iQwSYDdExcmJaYk6_obATM_attributeContractFulfillment_sub
Path: oauth_accessTokenMappings_items_authz_req_apc.iQwSYDdExcmJaYk6_obATM_attributeContractFulfillment_sub_source
Path: oauth_accessTokenMappings_items_authz_req_apc.iQwSYDdExcmJaYk6_obATM_attributeContractFulfillment_cnf
Path: oauth_accessTokenMappings_items_authz_req_apc.iQwSYDdExcmJaYk6_obATM_attributeContractFulfillment_cnf_source
Path: oauth_accessTokenMappings_items_authz_req_apc.iQwSYDdExcmJaYk6_obATM_attributeContractFulfillment_consent_id
Path: oauth_accessTokenMappings_items_authz_req_apc.iQwSYDdExcmJaYk6_obATM_attributeContractFulfillment_consent_id_source
Path: oauth_accessTokenMappings_items_authz_req_apc.iQwSYDdExcmJaYk6_obATM_issuanceCriteria
Path: oauth_accessTokenMappings_items_authz_req_apc.iQwSYDdExcmJaYk6_obATM_accessTokenManagerRef_obATM
Path: oauth_accessTokenMappings_items_client_credentials_obATM
Path: oauth_accessTokenMappings_items_client_credentials_obATM_context
Path: oauth_accessTokenMappings_items_client_credentials_obATM_attributeContractFulfillment
Path: oauth_accessTokenMappings_items_client_credentials_obATM_attributeContractFulfillment_sub
Path: oauth_accessTokenMappings_items_client_credentials_obATM_attributeContractFulfillment_sub_source
Path: oauth_accessTokenMappings_items_client_credentials_obATM_attributeContractFulfillment_cnf
Path: oauth_accessTokenMappings_items_client_credentials_obATM_attributeContractFulfillment_cnf_source
Path: oauth_accessTokenMappings_items_client_credentials_obATM_attributeContractFulfillment_consent_id
Path: oauth_accessTokenMappings_items_client_credentials_obATM_attributeContractFulfillment_consent_id_source
Path: oauth_accessTokenMappings_items_client_credentials_obATM_issuanceCriteria
Path: oauth_accessTokenMappings_items_client_credentials_obATM_accessTokenManagerRef_obATM
Path: authenticationSelectors
Path: authenticationSelectors_items_adminSelector
Path: authenticationSelectors_items_adminSelector_configuration
Path: authenticationSelectors_items_adminSelector_configuration_fields
Path: authenticationSelectors_items_adminSelector_pluginDescriptorRef_com.pingidentity.pf.selectors.ExtendedPropertyAuthnSelector
Path: authenticationSelectors_items_adminSelector_attributeContract
Path: authenticationSelectors_items_adminSelector_attributeContract_extendedAttributes
Path: authenticationApi_settings
Path: authenticationApi_settings_items
Path: authenticationPolicies_default
Path: authenticationPolicies_default_items
Path: authenticationPolicies_default_items_authnSelectionTrees
Path: authenticationPolicies_default_items_authnSelectionTrees_rootNode
Path: authenticationPolicies_default_items_authnSelectionTrees_rootNode_children
Path: authenticationPolicies_default_items_authnSelectionTrees_rootNode_children_children
Path: authenticationPolicies_default_items_authnSelectionTrees_rootNode_children_children_action
Path: authenticationPolicies_default_items_authnSelectionTrees_rootNode_children_children
Path: authenticationPolicies_default_items_authnSelectionTrees_rootNode_children_children_action
Path: authenticationPolicies_default_items_authnSelectionTrees_rootNode_children_children_action_attributeMapping
Path: authenticationPolicies_default_items_authnSelectionTrees_rootNode_children_children_action_attributeMapping_attributeContractFulfillment
Path: authenticationPolicies_default_items_authnSelectionTrees_rootNode_children_children_action_attributeMapping_attributeContractFulfillment_subject
Path: authenticationPolicies_default_items_authnSelectionTrees_rootNode_children_children_action_attributeMapping_attributeContractFulfillment_subject_source_htmlFormAdapterAdministrators
Path: authenticationPolicies_default_items_authnSelectionTrees_rootNode_children_children_action_attributeMapping_issuanceCriteria
Path: authenticationPolicies_default_items_authnSelectionTrees_rootNode_children_children_action_authenticationPolicyContractRef_TkNJ3HMIIvIeeZEM
Path: authenticationPolicies_default_items_authnSelectionTrees_rootNode_children_action
Path: authenticationPolicies_default_items_authnSelectionTrees_rootNode_children_action_authenticationSource
Path: authenticationPolicies_default_items_authnSelectionTrees_rootNode_children_action_authenticationSource_sourceRef_htmlFormAdapterAdministrators
Path: authenticationPolicies_default_items_authnSelectionTrees_rootNode_action
Path: authenticationPolicies_default_items_authnSelectionTrees_rootNode_action_authenticationSelectorRef_adminSelector
Path: authenticationPolicies_default_items_authnSelectionTrees
Path: authenticationPolicies_default_items_authnSelectionTrees_rootNode
Path: authenticationPolicies_default_items_authnSelectionTrees_rootNode_children
Path: authenticationPolicies_default_items_authnSelectionTrees_rootNode_children_action
Path: authenticationPolicies_default_items_authnSelectionTrees_rootNode_children
Path: authenticationPolicies_default_items_authnSelectionTrees_rootNode_children_children
Path: authenticationPolicies_default_items_authnSelectionTrees_rootNode_children_children_action
Path: authenticationPolicies_default_items_authnSelectionTrees_rootNode_children_children
Path: authenticationPolicies_default_items_authnSelectionTrees_rootNode_children_children_children
Path: authenticationPolicies_default_items_authnSelectionTrees_rootNode_children_children_children_action
Path: authenticationPolicies_default_items_authnSelectionTrees_rootNode_children_children_children
Path: authenticationPolicies_default_items_authnSelectionTrees_rootNode_children_children_children_children
Path: authenticationPolicies_default_items_authnSelectionTrees_rootNode_children_children_children_children_action
Path: authenticationPolicies_default_items_authnSelectionTrees_rootNode_children_children_children_children
Path: authenticationPolicies_default_items_authnSelectionTrees_rootNode_children_children_children_children_action
Path: authenticationPolicies_default_items_authnSelectionTrees_rootNode_children_children_children_children_action_attributeMapping
Path: authenticationPolicies_default_items_authnSelectionTrees_rootNode_children_children_children_children_action_attributeMapping_attributeContractFulfillment
Path: authenticationPolicies_default_items_authnSelectionTrees_rootNode_children_children_children_children_action_attributeMapping_attributeContractFulfillment_cdr_consent_id
Path: authenticationPolicies_default_items_authnSelectionTrees_rootNode_children_children_children_children_action_attributeMapping_attributeContractFulfillment_cdr_consent_id_source_cdrConsentAdapter
Path: authenticationPolicies_default_items_authnSelectionTrees_rootNode_children_children_children_children_action_attributeMapping_attributeContractFulfillment_subject
Path: authenticationPolicies_default_items_authnSelectionTrees_rootNode_children_children_children_children_action_attributeMapping_attributeContractFulfillment_subject_source_cdrConsentAdapter
Path: authenticationPolicies_default_items_authnSelectionTrees_rootNode_children_children_children_children_action_attributeMapping_attributeContractFulfillment_result
Path: authenticationPolicies_default_items_authnSelectionTrees_rootNode_children_children_children_children_action_attributeMapping_attributeContractFulfillment_result_source
Path: authenticationPolicies_default_items_authnSelectionTrees_rootNode_children_children_children_children_action_attributeMapping_attributeContractFulfillment_acr
Path: authenticationPolicies_default_items_authnSelectionTrees_rootNode_children_children_children_children_action_attributeMapping_attributeContractFulfillment_acr_source_cdrSelectorAdapter
Path: authenticationPolicies_default_items_authnSelectionTrees_rootNode_children_children_children_children_action_attributeMapping_attributeContractFulfillment_cdrArrangementId
Path: authenticationPolicies_default_items_authnSelectionTrees_rootNode_children_children_children_children_action_attributeMapping_attributeContractFulfillment_cdrArrangementId_source_cdrSelectorAdapter
Path: authenticationPolicies_default_items_authnSelectionTrees_rootNode_children_children_children_children_action_attributeMapping_attributeContractFulfillment_sharingDurationExpiresAt
Path: authenticationPolicies_default_items_authnSelectionTrees_rootNode_children_children_children_children_action_attributeMapping_attributeContractFulfillment_sharingDurationExpiresAt_source_cdrSelectorAdapter
Path: authenticationPolicies_default_items_authnSelectionTrees_rootNode_children_children_children_children_action_attributeMapping_attributeContractFulfillment_customerRef
Path: authenticationPolicies_default_items_authnSelectionTrees_rootNode_children_children_children_children_action_attributeMapping_attributeContractFulfillment_customerRef_source_identityFirstAdapter
Path: authenticationPolicies_default_items_authnSelectionTrees_rootNode_children_children_children_children_action_attributeMapping_attributeContractFulfillment_SAML_AUTHN_CTX
Path: authenticationPolicies_default_items_authnSelectionTrees_rootNode_children_children_children_children_action_attributeMapping_attributeContractFulfillment_SAML_AUTHN_CTX_source_cdrSelectorAdapter
Path: authenticationPolicies_default_items_authnSelectionTrees_rootNode_children_children_children_children_action_attributeMapping_attributeContractFulfillment_accounts
Path: authenticationPolicies_default_items_authnSelectionTrees_rootNode_children_children_children_children_action_attributeMapping_attributeContractFulfillment_accounts_source_cdrConsentAdapter
Path: authenticationPolicies_default_items_authnSelectionTrees_rootNode_children_children_children_children_action_attributeMapping_attributeContractFulfillment_accounts_available
Path: authenticationPolicies_default_items_authnSelectionTrees_rootNode_children_children_children_children_action_attributeMapping_attributeContractFulfillment_accounts_available_source_cdrConsentAdapter
Path: authenticationPolicies_default_items_authnSelectionTrees_rootNode_children_children_children_children_action_attributeMapping_attributeContractFulfillment_idtokenClaims
Path: authenticationPolicies_default_items_authnSelectionTrees_rootNode_children_children_children_children_action_attributeMapping_attributeContractFulfillment_idtokenClaims_source_cdrSelectorAdapter
Path: authenticationPolicies_default_items_authnSelectionTrees_rootNode_children_children_children_children_action_attributeMapping_attributeContractFulfillment_scopes
Path: authenticationPolicies_default_items_authnSelectionTrees_rootNode_children_children_children_children_action_attributeMapping_attributeContractFulfillment_scopes_source_cdrConsentAdapter
Path: authenticationPolicies_default_items_authnSelectionTrees_rootNode_children_children_children_children_action_attributeMapping_attributeContractFulfillment_userinfoClaims
Path: authenticationPolicies_default_items_authnSelectionTrees_rootNode_children_children_children_children_action_attributeMapping_attributeContractFulfillment_userinfoClaims_source_cdrSelectorAdapter
Path: authenticationPolicies_default_items_authnSelectionTrees_rootNode_children_children_children_children_action_attributeMapping_issuanceCriteria
Path: authenticationPolicies_default_items_authnSelectionTrees_rootNode_children_children_children_children_action_authenticationPolicyContractRef_iQwSYDdExcmJaYk6
Path: authenticationPolicies_default_items_authnSelectionTrees_rootNode_children_children_children_action
Path: authenticationPolicies_default_items_authnSelectionTrees_rootNode_children_children_children_action_authenticationSource
Path: authenticationPolicies_default_items_authnSelectionTrees_rootNode_children_children_children_action_authenticationSource_sourceRef_cdrConsentAdapter
Path: authenticationPolicies_default_items_authnSelectionTrees_rootNode_children_children_children_action_inputUserIdMapping
Path: authenticationPolicies_default_items_authnSelectionTrees_rootNode_children_children_children_action_inputUserIdMapping_source_identityFirstAdapter
Path: authenticationPolicies_default_items_authnSelectionTrees_rootNode_children_children_action
Path: authenticationPolicies_default_items_authnSelectionTrees_rootNode_children_children_action_authenticationSource
Path: authenticationPolicies_default_items_authnSelectionTrees_rootNode_children_children_action_authenticationSource_sourceRef_clickatellAdapter
Path: authenticationPolicies_default_items_authnSelectionTrees_rootNode_children_children_action_inputUserIdMapping
Path: authenticationPolicies_default_items_authnSelectionTrees_rootNode_children_children_action_inputUserIdMapping_source_identityFirstAdapter
Path: authenticationPolicies_default_items_authnSelectionTrees_rootNode_children_action
Path: authenticationPolicies_default_items_authnSelectionTrees_rootNode_children_action_authenticationSource
Path: authenticationPolicies_default_items_authnSelectionTrees_rootNode_children_action_authenticationSource_sourceRef_identityFirstAdapter
Path: authenticationPolicies_default_items_authnSelectionTrees_rootNode_children
Path: authenticationPolicies_default_items_authnSelectionTrees_rootNode_children_children
Path: authenticationPolicies_default_items_authnSelectionTrees_rootNode_children_children_action
Path: authenticationPolicies_default_items_authnSelectionTrees_rootNode_children_children
Path: authenticationPolicies_default_items_authnSelectionTrees_rootNode_children_children_action
Path: authenticationPolicies_default_items_authnSelectionTrees_rootNode_children_children_action_attributeMapping
Path: authenticationPolicies_default_items_authnSelectionTrees_rootNode_children_children_action_attributeMapping_attributeContractFulfillment
Path: authenticationPolicies_default_items_authnSelectionTrees_rootNode_children_children_action_attributeMapping_attributeContractFulfillment_cdr_consent_id
Path: authenticationPolicies_default_items_authnSelectionTrees_rootNode_children_children_action_attributeMapping_attributeContractFulfillment_cdr_consent_id_source
Path: authenticationPolicies_default_items_authnSelectionTrees_rootNode_children_children_action_attributeMapping_attributeContractFulfillment_subject
Path: authenticationPolicies_default_items_authnSelectionTrees_rootNode_children_children_action_attributeMapping_attributeContractFulfillment_subject_source_identityFirstAdapter
Path: authenticationPolicies_default_items_authnSelectionTrees_rootNode_children_children_action_attributeMapping_attributeContractFulfillment_result
Path: authenticationPolicies_default_items_authnSelectionTrees_rootNode_children_children_action_attributeMapping_attributeContractFulfillment_result_source
Path: authenticationPolicies_default_items_authnSelectionTrees_rootNode_children_children_action_attributeMapping_attributeContractFulfillment_acr
Path: authenticationPolicies_default_items_authnSelectionTrees_rootNode_children_children_action_attributeMapping_attributeContractFulfillment_acr_source
Path: authenticationPolicies_default_items_authnSelectionTrees_rootNode_children_children_action_attributeMapping_attributeContractFulfillment_cdrArrangementId
Path: authenticationPolicies_default_items_authnSelectionTrees_rootNode_children_children_action_attributeMapping_attributeContractFulfillment_cdrArrangementId_source
Path: authenticationPolicies_default_items_authnSelectionTrees_rootNode_children_children_action_attributeMapping_attributeContractFulfillment_sharingDurationExpiresAt
Path: authenticationPolicies_default_items_authnSelectionTrees_rootNode_children_children_action_attributeMapping_attributeContractFulfillment_sharingDurationExpiresAt_source
Path: authenticationPolicies_default_items_authnSelectionTrees_rootNode_children_children_action_attributeMapping_attributeContractFulfillment_customerRef
Path: authenticationPolicies_default_items_authnSelectionTrees_rootNode_children_children_action_attributeMapping_attributeContractFulfillment_customerRef_source_identityFirstAdapter
Path: authenticationPolicies_default_items_authnSelectionTrees_rootNode_children_children_action_attributeMapping_attributeContractFulfillment_SAML_AUTHN_CTX
Path: authenticationPolicies_default_items_authnSelectionTrees_rootNode_children_children_action_attributeMapping_attributeContractFulfillment_SAML_AUTHN_CTX_source
Path: authenticationPolicies_default_items_authnSelectionTrees_rootNode_children_children_action_attributeMapping_attributeContractFulfillment_accounts
Path: authenticationPolicies_default_items_authnSelectionTrees_rootNode_children_children_action_attributeMapping_attributeContractFulfillment_accounts_source
Path: authenticationPolicies_default_items_authnSelectionTrees_rootNode_children_children_action_attributeMapping_attributeContractFulfillment_accounts_available
Path: authenticationPolicies_default_items_authnSelectionTrees_rootNode_children_children_action_attributeMapping_attributeContractFulfillment_accounts_available_source
Path: authenticationPolicies_default_items_authnSelectionTrees_rootNode_children_children_action_attributeMapping_attributeContractFulfillment_idtokenClaims
Path: authenticationPolicies_default_items_authnSelectionTrees_rootNode_children_children_action_attributeMapping_attributeContractFulfillment_idtokenClaims_source
Path: authenticationPolicies_default_items_authnSelectionTrees_rootNode_children_children_action_attributeMapping_attributeContractFulfillment_scopes
Path: authenticationPolicies_default_items_authnSelectionTrees_rootNode_children_children_action_attributeMapping_attributeContractFulfillment_scopes_source
Path: authenticationPolicies_default_items_authnSelectionTrees_rootNode_children_children_action_attributeMapping_attributeContractFulfillment_userinfoClaims
Path: authenticationPolicies_default_items_authnSelectionTrees_rootNode_children_children_action_attributeMapping_attributeContractFulfillment_userinfoClaims_source
Path: authenticationPolicies_default_items_authnSelectionTrees_rootNode_children_children_action_attributeMapping_issuanceCriteria
Path: authenticationPolicies_default_items_authnSelectionTrees_rootNode_children_children_action_authenticationPolicyContractRef_iQwSYDdExcmJaYk6
Path: authenticationPolicies_default_items_authnSelectionTrees_rootNode_children_action
Path: authenticationPolicies_default_items_authnSelectionTrees_rootNode_children_action_authenticationSource
Path: authenticationPolicies_default_items_authnSelectionTrees_rootNode_children_action_authenticationSource_sourceRef_identityFirstAdapter
Path: authenticationPolicies_default_items_authnSelectionTrees_rootNode_action
Path: authenticationPolicies_default_items_authnSelectionTrees_rootNode_action_authenticationSource
Path: authenticationPolicies_default_items_authnSelectionTrees_rootNode_action_authenticationSource_sourceRef_cdrSelectorAdapter
Path: authenticationPolicies_default_items_authnSelectionTrees_rootNode_action_attributeRules
Path: authenticationPolicies_default_items_authnSelectionTrees_rootNode_action_attributeRules_items
Path: authenticationPolicies_settings
Path: authenticationPolicies_settings_items
